2025-11-21 01:21:35+0800: GTP Engine starting...
2025-11-21 01:21:35+0800: KataGo v1.10.0
2025-11-21 01:21:35+0800: Using default rules initially, unless GTP/GUI overrides this
2025-11-21 01:21:35+0800: Using 20 CPU thread(s) for search
2025-11-21 01:21:35+0800: nnRandSeed0 = 15161371953178854275
2025-11-21 01:21:35+0800: After dedups: nnModelFile0 = ./src/ai/amazons_engine/weights/amazons10x10.bin.gz useFP16 auto useNHWC auto
2025-11-21 01:21:35+0800: Initializing neural net buffer to be size 10 * 10 exactly
2025-11-21 01:21:36+0800: Found OpenCL Platform 0: NVIDIA CUDA (NVIDIA Corporation) (OpenCL 3.0 CUDA 13.0.84)
2025-11-21 01:21:36+0800: Found 1 device(s) on platform 0 with type CPU or GPU or Accelerator
2025-11-21 01:21:36+0800: Found OpenCL Device 0: NVIDIA GeForce GTX 1650 (NVIDIA Corporation) (score 11000300)
2025-11-21 01:21:36+0800: Creating context for OpenCL Platform: NVIDIA CUDA (NVIDIA Corporation) (OpenCL 3.0 CUDA 13.0.84)
2025-11-21 01:21:36+0800: Using OpenCL Device 0: NVIDIA GeForce GTX 1650 (NVIDIA Corporation) OpenCL 3.0 CUDA (Extensions: cl_khr_global_int32_base_atomics cl_khr_global_int32_extended_atomics cl_khr_local_int32_base_atomics cl_khr_local_int32_extended_atomics cl_khr_fp64 cl_khr_3d_image_writes cl_khr_byte_addressable_store cl_khr_icd cl_khr_gl_sharing cl_nv_compiler_options cl_nv_device_attribute_query cl_nv_pragma_unroll cl_nv_d3d10_sharing cl_khr_d3d10_sharing cl_nv_d3d11_sharing cl_nv_copy_opts cl_nv_create_buffer cl_khr_int64_base_atomics cl_khr_int64_extended_atomics cl_khr_device_uuid cl_khr_pci_bus_info cl_khr_external_semaphore cl_khr_external_memory cl_khr_external_semaphore_win32 cl_khr_external_memory_win32 cl_khr_semaphore)
2025-11-21 01:21:36+0800: Loaded tuning parameters from: D:\Amazon\AmazonPlay\AmazonPlay\src\ai\amazons_engine\engine/KataGoData/opencltuning/tune8_gpuNVIDIAGeForceGTX1650_x10_y10_c256_mv10.txt
2025-11-21 01:21:37+0800: OpenCL backend thread 0: Device 0 Model version 10
2025-11-21 01:21:37+0800: OpenCL backend thread 0: Device 0 Model name: amazons8x-b20c256-s182755840-d39606896
2025-11-21 01:21:37+0800: OpenCL backend thread 0: Device 0 FP16Storage false FP16Compute false FP16TensorCores false
2025-11-21 01:21:37+0800: Loaded neural net with nnXLen 10 nnYLen 10
2025-11-21 01:21:37+0800: Initializing board with boardXSize 10 boardYSize 10
2025-11-21 01:21:37+0800: --------------
2025-11-21 01:21:37+0800: WARNING: Config had unused keys! You may have a typo, an option you specified is being unused from ./src/ai/amazons_engine/engine.cfg
2025-11-21 01:21:37+0800: WARNING: Unused key 'gpuToUseThread1' in ./src/ai/amazons_engine/engine.cfg
2025-11-21 01:21:37+0800: WARNING: Unused key 'gpuToUseThread2' in ./src/ai/amazons_engine/engine.cfg
2025-11-21 01:21:37+0800: WARNING: Unused key 'gpuToUseThread3' in ./src/ai/amazons_engine/engine.cfg
2025-11-21 01:21:37+0800: WARNING: Unused key 'hasButton' in ./src/ai/amazons_engine/engine.cfg
2025-11-21 01:21:37+0800: WARNING: Unused key 'koRule' in ./src/ai/amazons_engine/engine.cfg
2025-11-21 01:21:37+0800: WARNING: Unused key 'multiStoneSuicideLegal' in ./src/ai/amazons_engine/engine.cfg
2025-11-21 01:21:37+0800: WARNING: Unused key 'scoringRule' in ./src/ai/amazons_engine/engine.cfg
2025-11-21 01:21:37+0800: WARNING: Unused key 'searchFactorAfterOnePass' in ./src/ai/amazons_engine/engine.cfg
2025-11-21 01:21:37+0800: WARNING: Unused key 'searchFactorAfterTwoPass' in ./src/ai/amazons_engine/engine.cfg
2025-11-21 01:21:37+0800: WARNING: Unused key 'whiteHandicapBonus' in ./src/ai/amazons_engine/engine.cfg
2025-11-21 01:21:37+0800: --------------
2025-11-21 01:21:37+0800: Loaded config ./src/ai/amazons_engine/engine.cfg
2025-11-21 01:21:37+0800: Loaded model ./src/ai/amazons_engine/weights/amazons10x10.bin.gz
2025-11-21 01:21:37+0800: Model name: amazons8x-b20c256-s182755840-d39606896
2025-11-21 01:21:37+0800: GTP ready, beginning main protocol loop
2025-11-21 01:21:37+0800: Controller: boardsize 10
2025-11-21 01:21:37+0800: = 
2025-11-21 01:21:37+0800: Controller: clear_board
2025-11-21 01:21:37+0800: = 
2025-11-21 01:21:38+0800: Controller: time_settings 0 1 1
2025-11-21 01:21:38+0800: = 
2025-11-21 01:21:38+0800: Controller: genmove b
2025-11-21 01:21:38+0800: MoveNum: 0 HASH: 6E5564C716843759786F497EFEA886BD
   A B C D E F G H J K
10 . . . X . . X . . .
 9 . . . . . . . . . .
 8 . . . . . . . . . .
 7 X . . . . . . . . X
 6 . . . . . . . . . .
 5 . . . . . . . . . .
 4 O . . . . . . . . O
 3 . . . . . . . . . .
 2 . . . . . . . . . .
 1 . . . O . . O . . .

taxNONEkomi7.5
Time taken: 0.516
Root visits: 183
New playouts: 183
NN rows: 215
NN batches: 16
NN avg batch size: 13.4375
PV: G10 G3 D3 D1 J6 J7
Tree:
: T   6.67c W   6.67c S  -0.00c ( -0.4 L  +0.1) N     183  --  G10 G3 D3 D1 J6 J7
---Black(^)---
G10 : T   7.10c W   7.10c S  -0.00c ( -0.8 L  -0.5) LCB    4.04c P 36.84% WF  50.0 PSV      50 N      52  --  G10 G3 D3 D1 J6 J7
D10 : T   6.79c W   6.79c S  -0.00c ( -0.6 L  -0.3) LCB    4.04c P 41.39% WF  50.3 PSV      50 N      54  --  D10 D3 G3 G1 B6 B7
A7  : T   6.70c W   6.70c S  -0.00c ( -0.0 L  +0.7) LCB    1.00c P 11.48% WF  35.6 PSV      13 N      37  --  A7 D4 G4 A4 E8 G8 K7
K7  : T   6.11c W   6.11c S   0.00c ( +0.1 L  +0.9) LCB    0.99c P 10.25% WF  34.1 PSV      10 N      36  --  K7 F3 D3 G1 G8 G2 G10
pss : T -100.00c W -100.00c S  -0.00c ( -0.0 L  -0.0) LCB -101.09c P  0.05% WF   0.1 PSV       0 N       3  --  pass

2025-11-21 01:21:38+0800: = G10
2025-11-21 01:21:38+0800: Controller: genmove w
2025-11-21 01:21:39+0800: MoveNum: 1 HASH: 6BC26F8317D4CC681476D7F369C11C8B
   A B C D E F G H J K
10 . . . X . . X1. . .
 9 . . . . . . . . . .
 8 . . . . . . . . . .
 7 X . . . . . . . . X
 6 . . . . . . . . . .
 5 . . . . . . . . . .
 4 O . . . . . . . . O
 3 . . . . . . @ . . .
 2 . . . . . . . . . .
 1 . . . O . . O . . .

taxNONEkomi7.5
Time taken: 0.531
Root visits: 344
New playouts: 287
NN rows: 293
NN batches: 23
NN avg batch size: 12.7391
PV: G3 D3 D1 H5 C5 A7 B6 H6 A4
Tree:
: T   8.01c W   8.01c S  -0.00c ( -0.0 L  +1.4) N     344  --  G3 D3 D1 H5 C5 A7 B6
---Black(^)---
G3  : T  10.31c W  10.31c S  -0.00c ( -0.1 L  +1.4) LCB    8.11c P 51.02% WF 131.3 PSV     128 N     128  --  G3 D3 D1 H5 C5 A7 B6 H6
G2  : T  11.12c W  11.12c S   0.00c ( +0.1 L  +2.1) LCB    8.01c P 20.37% WF  72.1 PSV      70 N      70  --  G2 D2 D1 J6 J7 K7 H9 H2
G4  : T   7.95c W   7.95c S  -0.00c ( -0.4 L  +1.2) LCB    2.79c P  6.83% WF  39.3 PSV       9 N      40  --  G4 D4 K4 F8 J8 A7 A5 B5
G5  : T   6.55c W   6.55c S   0.00c ( +0.3 L  +1.6) LCB    1.16c P  5.81% WF  33.2 PSV       6 N      34  --  G5 D2 D1 H5 E2 G5 H4
B5  : T   5.15c W   5.15c S  -0.00c ( -0.3 L  +0.2) LCB    0.43c P  5.26% WF  26.7 PSV       4 N      28  --  B5 B4 D1 D8 E9 A7
G6  : T   2.85c W   2.85c S   0.00c ( +0.4 L  +1.3) LCB   -5.10c P  2.43% WF  15.1 PSV       1 N      16  --  G6 D3 D1 H5 C5 D10 D4
C6  : T   1.55c W   1.55c S  -0.00c ( -0.1 L  -0.2) LCB  -12.31c P  2.40% WF   8.5 PSV       1 N       9  --  C6 G2 D1 D8 B6 A7 E7
D7  : T  -3.31c W  -3.31c S  -0.00c ( -0.7 L  -2.0) LCB  -76.54c P  1.58% WF   3.7 PSV       0 N       4  --  D7 D2 G1
G7  : T  -4.94c W  -4.94c S  -0.00c ( -0.6 L  -2.1) LCB -138.81c P  1.29% WF   3.6 PSV       0 N       4  --  G7 J5 D1 D8
G8  : T  -7.89c W  -7.89c S   0.00c ( +2.7 L  +2.9) LCB -200.00c P  1.15% WF   0.9 PSV       0 N       1  --  G8

2025-11-21 01:21:39+0800: = G3
2025-11-21 01:21:39+0800: Controller: genmove b
2025-11-21 01:21:39+0800: MoveNum: 2 HASH: 23D27EDA5BAA76D96A7EF769AA3CF914
   A B C D E F G H J K
10 . . . X . . .1. . .
 9 . . . . . . . . . .
 8 . . . . . . . . . .
 7 X . . . . . . . . X
 6 . . . . . . . . . .
 5 . . . . . . . . . .
 4 O . . . . . . . . O
 3 . . . @ . . X2. . .
 2 . . . . . . . . . .
 1 . . . O . . O . . .

taxNONEkomi7.5
Time taken: 0.547
Root visits: 424
New playouts: 289
NN rows: 297
NN batches: 25
NN avg batch size: 11.88
PV: D3 D1 H5 C5 A7 A6 H6 K4 D4 D9 A6
Tree:
: T  11.04c W  11.04c S  -0.00c ( -0.7 L  +0.7) N     424  --  D3 D1 H5 C5 A7 A6 H6
---Black(^)---
D3  : T  13.43c W  13.43c S  -0.00c ( -0.5 L  +1.5) LCB   11.77c P 51.03% WF 249.4 PSV     242 N     242  --  D3 D1 H5 C5 A7 A6 H6 K4
F2  : T  10.53c W  10.53c S  -0.00c ( -0.9 L  +0.3) LCB    5.82c P  8.71% WF  46.2 PSV      14 N      47  --  F2 D1 D8 B6 A7 A5 E1 G1
J5  : T   9.12c W   9.12c S  -0.00c ( -1.1 L  -0.4) LCB    5.26c P 10.17% WF  44.5 PSV      12 N      46  --  J5 D1 D8 B6 A7 E7 E8 K4
J3  : T   6.74c W   6.74c S  -0.00c ( -0.9 L  -0.6) LCB    2.19c P  3.98% WF  26.5 PSV       3 N      28  --  J3 D1 D8 B6 A7 A5 J5 K4
H2  : T   4.88c W   4.88c S  -0.00c ( -1.1 L  -1.0) LCB   -1.69c P  5.03% WF  20.4 PSV       3 N      22  --  H2 D1 D8 B6 D10 F8 J5 K4
B3  : T   5.88c W   5.88c S  -0.00c ( -0.2 L  +0.3) LCB   -0.70c P  3.28% WF  13.2 PSV       2 N      14  --  B3 D1 D8 B6 A7 F7 F2 A4
H4  : T   5.65c W   5.65c S  -0.00c ( -0.3 L  +0.0) LCB   -6.24c P  2.00% WF   8.5 PSV       1 N       9  --  H4 K4 F8 D8 A7 C5
G2  : T   3.48c W   3.48c S   0.00c ( +0.1 L  +0.3) LCB  -21.06c P  2.54% WF   5.6 PSV       1 N       6  --  G2 D1 D8 B6 A7 A5
D6  : T   0.69c W   0.69c S  -0.00c ( -2.2 L  -3.8) LCB -200.00c P  2.19% WF   1.9 PSV       1 N       2  --  D6 K4
E1  : T  -0.45c W  -0.45c S  -0.00c ( -2.0 L  -3.4) LCB -200.00c P  1.89% WF   1.9 PSV       0 N       2  --  E1 D1

2025-11-21 01:21:39+0800: = D3
2025-11-21 01:21:45+0800: Controller: play w G1
2025-11-21 01:21:45+0800: = 
2025-11-21 01:21:45+0800: Controller: play b B6
2025-11-21 01:21:45+0800: = 
2025-11-21 01:21:45+0800: Controller: play w J6
2025-11-21 01:21:45+0800: = 
2025-11-21 01:21:45+0800: Controller: time_settings 0 1 1
2025-11-21 01:21:45+0800: = 
2025-11-21 01:21:45+0800: Controller: genmove b
2025-11-21 01:21:45+0800: MoveNum: 6 HASH: 405BA5F5801B7FF201A7687286662276
   A B C D E F G H J K
10 . . . X . . . . . .
 9 . . . . . . . . . .
 8 . . . . . . . . . .
 7 X . . . . . . . . X
 6 . O2. . . . . . B3.
 5 . . . . . . . . . .
 4 O . . . . . . . . O
 3 . . . B . . X . . .
 2 . . . . . . . . . .
 1 . . . O . . .1. . .

taxNONEkomi7.5
Time taken: 0.547
Root visits: 375
New playouts: 281
NN rows: 301
NN batches: 23
NN avg batch size: 13.087
PV: K7 H9 H6 A4 E8 B8 D10 D4
Tree:
: T  15.08c W  15.08c S  -0.00c ( -0.8 L  +1.5) N     375  --  K7 H9 H6 A4 E8 B8 D10
---Black(^)---
K7  : T  15.94c W  15.94c S  -0.00c ( -0.6 L  +2.0) LCB   13.36c P 37.13% WF 146.5 PSV     246 N     145  --  K7 H9 H6 A4 E8 B8 D10 D4
D10 : T  15.45c W  15.45c S  -0.00c ( -1.1 L  +1.2) LCB   12.81c P 45.46% WF 183.6 PSV     183 N     184  --  D10 D4 J4 K4 G7 B7 A7 C9
A7  : T  12.71c W  12.71c S  -0.00c ( -0.7 L  +1.3) LCB    5.43c P 13.40% WF  27.2 PSV      21 N      28  --  A7 A5 J5 K4 H4 C9 K7
G3  : T   7.70c W   7.70c S  -0.00c ( -0.7 L  +0.4) LCB   -0.45c P  3.97% WF  14.9 PSV       3 N      16  --  G3 H4 J5 A4 D7 J7 K7 H9
pss : T -100.00c W -100.00c S  -0.00c ( -0.0 L  -0.0) LCB -200.00c P  0.03% WF   0.2 PSV       0 N       1  --  pass

2025-11-21 01:21:45+0800: = D10
2025-11-21 01:21:45+0800: Controller: genmove w
2025-11-21 01:21:46+0800: MoveNum: 7 HASH: A077D835260F1F7764ED4F31F0122EC6
   A B C D E F G H J K
10 . . . X3. . . . . .
 9 . . . . . . . . . .
 8 . . . . . @ . . . .
 7 X . . . . . . . . X
 6 . O1. . . . . . B2.
 5 . . . . . . . . . .
 4 O . . . . . . . . O
 3 . . . B . . X . . .
 2 . . . . . . . . . .
 1 . . . O . . . . . .

taxNONEkomi7.5
Time taken: 0.546
Root visits: 471
New playouts: 283
NN rows: 284
NN batches: 21
NN avg batch size: 13.5238
PV: F8 J5 K4 H4 H2 F8 B4 B5 A4 B3 H9 K7 H7
Tree:
: T  16.61c W  16.61c S  -0.00c ( -1.0 L  +1.5) N     471  --  F8 J5 K4 H4 H2 F8 B4
---Black(^)---
F8  : T  20.18c W  20.18c S  -0.00c ( -1.0 L  +2.1) LCB   15.89c P 10.57% WF 102.5 PSV     157 N      98  --  F8 J5 K4 H4 H2 F8 B4 B5
D4  : T  18.77c W  18.77c S  -0.00c ( -1.0 L  +1.8) LCB   15.40c P 22.46% WF 130.7 PSV     127 N     127  --  D4 J4 K4 G7 B7 A7 C9 C2
H6  : T  17.91c W  17.91c S  -0.00c ( -1.3 L  +1.2) LCB   13.26c P 14.03% WF  94.4 PSV      52 N      93  --  H6 J5 A4 D7 J7 K7 H9 F7
D5  : T  11.51c W  11.51c S  -0.00c ( -0.7 L  +1.0) LCB    5.57c P 30.56% WF  69.6 PSV      32 N      75  --  D5 J5 A4 E8 J8 K7 G7 F8
D6  : T  12.88c W  12.88c S  -0.00c ( -0.4 L  +2.1) LCB    7.16c P 10.57% WF  37.2 PSV      13 N      39  --  D6 H6 A4 F9 J9 K7 G7 G8
J5  : T  10.31c W  10.31c S  -0.00c ( -1.0 L  +0.9) LCB   -3.42c P  4.03% WF  15.9 PSV       3 N      17  --  J5 J4 K4 H2 F2 J5 C5 C6
E9  : T   9.32c W   9.32c S  -0.00c ( -1.7 L  -1.0) LCB   -3.63c P  1.45% WF  10.3 PSV       1 N      11  --  E9 J5 A4 E8 J8 K7
D7  : T   5.14c W   5.14c S  -0.00c ( -1.2 L  -0.9) LCB -238.34c P  1.97% WF   2.8 PSV       1 N       3  --  D7 G7 B6
G7  : T   6.80c W   6.80c S  -0.00c ( -1.5 L  -0.7) LCB -251.47c P  1.58% WF   2.8 PSV       1 N       3  --  G7 J5 A4
D8  : T   5.73c W   5.73c S  -0.00c ( -1.7 L  -1.8) LCB  -30.19c P  1.22% WF   3.7 PSV       0 N       4  --  D8 E8 K4 G7

2025-11-21 01:21:46+0800: = F8
2025-11-21 01:21:46+0800: Controller: genmove b
2025-11-21 01:21:46+0800: MoveNum: 8 HASH: B9CDB7CAC24BCE0115EEC16E0A5F7FB9
   A B C D E F G H J K
10 . . . .2. . . . . .
 9 . . . . . . . . . .
 8 . . . . . X3. . . .
 7 X . . . . . . . . X
 6 . O . . . . . . B1.
 5 . . . . . . . . @ .
 4 O . . . . . . . . O
 3 . . . B . . X . . .
 2 . . . . . . . . . .
 1 . . . O . . . . . .

taxNONEkomi7.5
Time taken: 0.547
Root visits: 387
New playouts: 283
NN rows: 289
NN batches: 24
NN avg batch size: 12.0417
PV: J5 K4 H4 E7 K7 H7 F9 A4 E8 B8 A7 D7 D9
Tree:
: T  19.46c W  19.46c S  -0.00c ( -1.3 L  +1.4) N     387  --  J5 K4 H4 E7 K7 H7 F9
---Black(^)---
J5  : T  21.38c W  21.38c S  -0.00c ( -1.3 L  +1.6) LCB   18.45c P 55.45% WF 315.1 PSV     308 N     308  --  J5 K4 H4 E7 K7 H7 F9 A4
H6  : T  13.43c W  13.43c S  -0.00c ( -0.3 L  +1.9) LCB    7.87c P 31.78% WF  54.6 PSV      30 N      60  --  H6 A4 F9 C9 G3 J3 J4 K4
E8  : T   4.34c W   4.34c S  -0.00c ( -3.0 L  -3.7) LCB -362.66c P  3.86% WF   2.7 PSV       1 N       3  --  E8 K4 G7
F9  : T   4.92c W   4.92c S  -0.00c ( -2.6 L  -3.7) LCB -200.00c P  2.06% WF   1.8 PSV       1 N       2  --  F9 K4
F3  : T   2.23c W   2.23c S  -0.00c ( -3.3 L  -3.7) LCB -200.00c P  1.05% WF   0.9 PSV       0 N       1  --  F3
D8  : T   5.14c W   5.14c S  -0.00c ( -3.1 L  -3.3) LCB -200.00c P  0.77% WF   0.9 PSV       0 N       1  --  D8
G8  : T   1.45c W   1.45c S  -0.00c ( -3.2 L  -3.8) LCB -200.00c P  0.53% WF   0.9 PSV       0 N       1  --  G8
F1  : T   7.23c W   7.23c S  -0.00c ( -2.8 L  -3.2) LCB -200.00c P  0.53% WF   0.9 PSV       0 N       1  --  F1
B4  : T  -3.69c W  -3.69c S  -0.00c ( -2.6 L  -3.6) LCB -200.00c P  0.48% WF   0.9 PSV       0 N       1  --  B4
A3  : T   0.58c W   0.58c S  -0.00c ( -2.6 L  -3.5) LCB -200.00c P  0.40% WF   0.9 PSV       0 N       1  --  A3

2025-11-21 01:21:46+0800: = J5
