2025-11-23 03:59:36+0800: GTP Engine starting...
2025-11-23 03:59:36+0800: KataGo v1.10.0
2025-11-23 03:59:36+0800: Using default rules initially, unless GTP/GUI overrides this
2025-11-23 03:59:36+0800: Using 20 CPU thread(s) for search
2025-11-23 03:59:36+0800: nnRandSeed0 = 12597212676373030932
2025-11-23 03:59:36+0800: After dedups: nnModelFile0 = weights/amazons10x10.bin.gz useFP16 auto useNHWC auto
2025-11-23 03:59:36+0800: Initializing neural net buffer to be size 10 * 10 exactly
2025-11-23 03:59:39+0800: Found OpenCL Platform 0: NVIDIA CUDA (NVIDIA Corporation) (OpenCL 3.0 CUDA 13.0.84)
2025-11-23 03:59:39+0800: Found 1 device(s) on platform 0 with type CPU or GPU or Accelerator
2025-11-23 03:59:39+0800: Found OpenCL Device 0: NVIDIA GeForce GTX 1650 (NVIDIA Corporation) (score 11000300)
2025-11-23 03:59:39+0800: Creating context for OpenCL Platform: NVIDIA CUDA (NVIDIA Corporation) (OpenCL 3.0 CUDA 13.0.84)
2025-11-23 03:59:40+0800: Using OpenCL Device 0: NVIDIA GeForce GTX 1650 (NVIDIA Corporation) OpenCL 3.0 CUDA (Extensions: cl_khr_global_int32_base_atomics cl_khr_global_int32_extended_atomics cl_khr_local_int32_base_atomics cl_khr_local_int32_extended_atomics cl_khr_fp64 cl_khr_3d_image_writes cl_khr_byte_addressable_store cl_khr_icd cl_khr_gl_sharing cl_nv_compiler_options cl_nv_device_attribute_query cl_nv_pragma_unroll cl_nv_d3d10_sharing cl_khr_d3d10_sharing cl_nv_d3d11_sharing cl_nv_copy_opts cl_nv_create_buffer cl_khr_int64_base_atomics cl_khr_int64_extended_atomics cl_khr_device_uuid cl_khr_pci_bus_info cl_khr_external_semaphore cl_khr_external_memory cl_khr_external_semaphore_win32 cl_khr_external_memory_win32 cl_khr_semaphore)
2025-11-23 03:59:40+0800: Loaded tuning parameters from: D:\Amazon\src\ai\kataAmazonEngine/KataGoData/opencltuning/tune8_gpuNVIDIAGeForceGTX1650_x10_y10_c256_mv10.txt
2025-11-23 03:59:40+0800: OpenCL backend thread 0: Device 0 Model version 10
2025-11-23 03:59:40+0800: OpenCL backend thread 0: Device 0 Model name: amazons8x-b20c256-s182755840-d39606896
2025-11-23 03:59:41+0800: OpenCL backend thread 0: Device 0 FP16Storage false FP16Compute false FP16TensorCores false
2025-11-23 03:59:41+0800: Loaded neural net with nnXLen 10 nnYLen 10
2025-11-23 03:59:41+0800: Initializing board with boardXSize 10 boardYSize 10
2025-11-23 03:59:41+0800: --------------
2025-11-23 03:59:41+0800: WARNING: Config had unused keys! You may have a typo, an option you specified is being unused from engine.cfg
2025-11-23 03:59:41+0800: WARNING: Unused key 'gpuToUseThread1' in engine.cfg
2025-11-23 03:59:41+0800: WARNING: Unused key 'gpuToUseThread2' in engine.cfg
2025-11-23 03:59:41+0800: WARNING: Unused key 'gpuToUseThread3' in engine.cfg
2025-11-23 03:59:41+0800: WARNING: Unused key 'hasButton' in engine.cfg
2025-11-23 03:59:41+0800: WARNING: Unused key 'koRule' in engine.cfg
2025-11-23 03:59:41+0800: WARNING: Unused key 'multiStoneSuicideLegal' in engine.cfg
2025-11-23 03:59:41+0800: WARNING: Unused key 'scoringRule' in engine.cfg
2025-11-23 03:59:41+0800: WARNING: Unused key 'searchFactorAfterOnePass' in engine.cfg
2025-11-23 03:59:41+0800: WARNING: Unused key 'searchFactorAfterTwoPass' in engine.cfg
2025-11-23 03:59:41+0800: WARNING: Unused key 'whiteHandicapBonus' in engine.cfg
2025-11-23 03:59:41+0800: --------------
2025-11-23 03:59:41+0800: Loaded config engine.cfg
2025-11-23 03:59:41+0800: Loaded model weights/amazons10x10.bin.gz
2025-11-23 03:59:41+0800: Model name: amazons8x-b20c256-s182755840-d39606896
2025-11-23 03:59:41+0800: GTP ready, beginning main protocol loop
2025-11-23 03:59:41+0800: Controller: boardsize 10
2025-11-23 03:59:41+0800: = 
2025-11-23 03:59:41+0800: Controller: clear_board
2025-11-23 03:59:41+0800: = 
2025-11-23 03:59:41+0800: Controller: play b G10
2025-11-23 03:59:41+0800: = 
2025-11-23 03:59:41+0800: Controller: play w G2
2025-11-23 03:59:41+0800: = 
2025-11-23 03:59:41+0800: Controller: play b D2
2025-11-23 03:59:41+0800: = 
2025-11-23 03:59:41+0800: Controller: time_settings 0 1 1
2025-11-23 03:59:41+0800: = 
2025-11-23 03:59:41+0800: Controller: genmove w
2025-11-23 03:59:41+0800: MoveNum: 3 HASH: 1C915514EFB6456129ED95F6671BAD72
   A B C D E F G H J K
10 . . . X . . .1. . .
 9 . . . . . . . . . .
 8 . . . . . . . . . .
 7 X . . . . . . . . X
 6 . . . . . . . . . .
 5 . . . . . . . . . .
 4 O . . . . . . . . O
 3 . . . . . . . . . .
 2 . . . B3. . X2. . .
 1 . . . O . . O . . .

taxNONEkomi7.5
Time taken: 0.531
Root visits: 303
New playouts: 303
NN rows: 337
NN batches: 27
NN avg batch size: 12.4815
PV: D1 J6 J7 K7 H9 H6 J6 G8 J8 D10 D4
Tree:
: T -14.71c W -14.71c S   0.00c ( +0.4 L  -2.0) N     303  --  D1 J6 J7 K7 H9 H6 J6
---White(^)---
D1  : T -12.77c W -12.77c S   0.00c ( +0.2 L  -1.9) LCB  -15.68c P 63.97% WF 155.5 PSV     151 N     153  --  D1 J6 J7 K7 H9 H6 J6 G8
G1  : T -14.02c W -14.02c S   0.00c ( +0.6 L  -1.4) LCB  -17.47c P 10.41% WF  66.3 PSV      17 N      66  --  G1 C5 C9 D10 D6 C6 D1 G4
K4  : T -17.84c W -17.84c S   0.00c ( +0.7 L  -1.9) LCB  -24.97c P 17.76% WF  44.1 PSV      14 N      47  --  K4 F8 D8 K7 F3 B3 D1 E2
A4  : T -21.14c W -21.14c S  -0.00c ( -0.1 L  -3.9) LCB  -26.81c P  7.83% WF  31.8 PSV       4 N      35  --  A4 D7 D9 A7 C5 J5
pss : T -100.00c W -100.00c S   0.00c ( +0.0 L  +0.0) LCB -200.00c P  0.03% WF   0.1 PSV       0 N       1  --  pass

2025-11-23 03:59:41+0800: = D1
2025-11-23 03:59:41+0800: Controller: genmove b
2025-11-23 03:59:42+0800: MoveNum: 4 HASH: FF82D703315F8E588AAD93AC7D7B9EC7
   A B C D E F G H J K
10 . . . X . . . . . .
 9 . . . . . . . . . .
 8 . . . . . . . . . .
 7 X . . . . . . . . X
 6 . . . . . . . . @ .
 5 . . . . . . . . . .
 4 O . . . . . . . . O
 3 . . . . . . . . . .
 2 . . . B2. . X1. . .
 1 . . . O3. . O . . .

taxNONEkomi7.5
Time taken: 0.563
Root visits: 499
New playouts: 331
NN rows: 347
NN batches: 28
NN avg batch size: 12.3929
PV: J6 J7 K7 H9 H6 J6 G8 J8 D10 D4 J4 K4 H2 B8
Tree:
: T -10.62c W -10.62c S   0.00c ( +0.6 L  -0.7) N     499  --  J6 J7 K7 H9 H6 J6 G8
---White(^)---
J6  : T  -9.31c W  -9.31c S   0.00c ( +0.4 L  -0.8) LCB  -11.24c P 53.28% WF 301.2 PSV     296 N     296  --  J6 J7 K7 H9 H6 J6 G8 J8
H5  : T -11.06c W -11.06c S   0.00c ( +0.9 L  -0.2) LCB  -13.39c P 33.33% WF 145.0 PSV      89 N     147  --  H5 H3 K7 H7 H6 G1 C5 F2
F3  : T -13.02c W -13.02c S   0.00c ( +0.9 L  -0.9) LCB  -18.23c P  5.70% WF  35.2 PSV       9 N      37  --  F3 H3 A7 C5 J5 G1 D4 F2
G4  : T -21.16c W -21.16c S   0.00c ( +0.7 L  -4.1) LCB  -36.64c P  3.61% WF   9.1 PSV       2 N      10  --  G4 F3 A7 C5 J5
B3  : T -26.49c W -26.49c S   0.00c ( +1.1 L  -4.6) LCB -108.14c P  2.14% WF   4.4 PSV       1 N       5  --  B3 B8 D10
E2  : T -39.59c W -39.59c S   0.00c ( +0.3 L  +1.6) LCB -200.00c P  0.89% WF   0.9 PSV       0 N       1  --  E2
C2  : T -40.50c W -40.50c S  -0.00c ( -0.6 L  +1.3) LCB -200.00c P  0.42% WF   0.9 PSV       0 N       1  --  C2
B1  : T -56.13c W -56.13c S  -0.00c ( -7.7 L  +1.5) LCB -200.00c P  0.19% WF   0.8 PSV       0 N       1  --  B1

2025-11-23 03:59:42+0800: = J6
2025-11-23 03:59:42+0800: Controller: genmove w
2025-11-23 03:59:42+0800: MoveNum: 5 HASH: 8C31B231A4EA6F87F549AA41D763049F
   A B C D E F G H J K
10 . . . X . . . . . .
 9 . . . . . . . . . .
 8 . . . . . . . . . .
 7 X . . . . . . . @ X
 6 . . . . . . . . O3.
 5 . . . . . . . . . .
 4 O . . . . . . . . O
 3 . . . . . . . . . .
 2 . . . B1. . X . . .
 1 . . . .2. . O . . .

taxNONEkomi7.5
Time taken: 0.562
Root visits: 636
New playouts: 328
NN rows: 339
NN batches: 28
NN avg batch size: 12.1071
PV: J7 D10 H6 H7 K4 C4 H9 K7 K5 B5 C4 F7 G7 K5 C5 F2 G1 J3 E7 A7
Tree:
: T  -8.87c W  -8.87c S   0.00c ( +0.4 L  -0.8) N     636  --  J7 D10 H6 H7 K4 C4 H9
---White(^)---
J7  : T  -7.76c W  -7.76c S   0.00c ( +0.3 L  -0.7) LCB   -9.44c P 47.18% WF 544.8 PSV     537 N     537  --  J7 D10 H6 H7 K4 C4 H9 K7
B6  : T -14.97c W -14.97c S   0.00c ( +1.1 L  -0.8) LCB  -19.34c P 23.91% WF  52.1 PSV      33 N      57  --  B6 A7 A5 J5 K4 D4 D9 K7
F3  : T -15.03c W -15.03c S   0.00c ( +0.9 L  -1.3) LCB  -19.61c P  7.38% WF  17.7 PSV      10 N      19  --  F3 A7 C5 J5 K4 D4 C4
E2  : T -16.63c W -16.63c S   0.00c ( +0.4 L  -3.0) LCB  -31.57c P  4.16% WF   6.5 PSV       4 N       7  --  E2 A7 C5 J5 K4
J9  : T -16.02c W -16.02c S  -0.00c ( -0.7 L  -4.9) LCB  -40.12c P  3.09% WF   4.7 PSV       3 N       5  --  J9 K7 H7
J8  : T -21.76c W -21.76c S   0.00c ( +0.2 L  -3.1) LCB -201.29c P  4.32% WF   3.6 PSV       3 N       4  --  J8 K7 H7 H6
E10 : T -18.31c W -18.31c S  -0.00c ( -0.4 L  -5.4) LCB -150.38c P  2.49% WF   2.8 PSV       2 N       3  --  E10 D10 H6
J10 : T -16.38c W -16.38c S  -0.00c ( -0.8 L  -5.0) LCB -174.18c P  2.11% WF   2.8 PSV       2 N       3  --  J10 A7 C5

2025-11-23 03:59:42+0800: = J7
2025-11-23 03:59:45+0800: Controller: play b D10
2025-11-23 03:59:45+0800: = 
2025-11-23 03:59:45+0800: Controller: play w F8
2025-11-23 03:59:45+0800: = 
2025-11-23 03:59:45+0800: Controller: play b J5
2025-11-23 03:59:45+0800: = 
2025-11-23 03:59:45+0800: Controller: time_settings 0 1 1
2025-11-23 03:59:45+0800: = 
2025-11-23 03:59:45+0800: Controller: genmove w
2025-11-23 03:59:45+0800: MoveNum: 9 HASH: 02FE38A2DF89254B6D0CDD5921B6631E
   A B C D E F G H J K
10 . . . .1. . . . . .
 9 . . . . . . . . . .
 8 . . . . . X2. . . .
 7 X . . . . . . . B X
 6 . . . . . . . . O .
 5 . . . . . . . . B3.
 4 O . . . . . . . . O
 3 . . . . . . . . . .
 2 . . . B . . X . . .
 1 . . . . . . O . . .

taxNONEkomi7.5
Time taken: 0.531
Root visits: 381
New playouts: 325
NN rows: 344
NN batches: 27
NN avg batch size: 12.7407
PV: A4 G10 J8 K7 K10 F6 G1 C5 A5 K10 H8 F10
Tree:
: T  12.51c W  12.51c S  -0.00c ( -0.3 L  +0.8) N     381  --  A4 G10 J8 K7 K10 F6 G1
---White(^)---
A4  : T  19.82c W  19.82c S  -0.00c ( -0.5 L  +1.4) LCB   10.72c P 20.98% WF 246.0 PSV     287 N     230  --  A4 G10 J8 K7 K10 F6 G1 C5
K4  : T  -0.18c W  -0.18c S   0.00c ( +0.1 L  -0.1) LCB   -6.12c P 65.66% WF  88.5 PSV      48 N     117  --  K4 E4 J8 K7 K3 G6 G1 J3
G1  : T -17.02c W -17.02c S   0.00c ( +0.2 L  -2.6) LCB  -42.29c P  9.98% WF  12.9 PSV       4 N      18  --  G1 B6 B7 K7 H9
J6  : T -18.47c W -18.47c S   0.00c ( +0.8 L  -0.7) LCB  -40.39c P  3.33% WF   8.8 PSV       1 N      12  --  J6 G8 J6 K7 H9 H4 G1 E3
pss : T -100.00c W -100.00c S   0.00c ( +0.0 L  +0.0) LCB -101.09c P  0.06% WF   0.2 PSV       0 N       3  --  pass

2025-11-23 03:59:45+0800: = A4
2025-11-23 03:59:45+0800: Controller: genmove b
2025-11-23 03:59:46+0800: MoveNum: 10 HASH: 3942A99E3C52E77F12C0036A31BD4B93
   A B C D E F G H J K
10 . . . . . . @ . . .
 9 . . . . . . . . . .
 8 . . . . . X1. . . .
 7 X . . . . . . . B X
 6 . . . . . . . . O .
 5 . . . . . . . . B2.
 4 O3. . . . . . . . O
 3 . . . . . . . . . .
 2 . . . B . . X . . .
 1 . . . . . . O . . .

taxNONEkomi7.5
Time taken: 0.547
Root visits: 586
New playouts: 341
NN rows: 354
NN batches: 30
NN avg batch size: 11.8
PV: G10 J8 K7 K10 F6 G10 H10 J9 G2 G4 G10 K4 K3 K9 F8 G9 H9 G1 C5 A5 G9
Tree:
: T  18.75c W  18.75c S  -0.00c ( -0.4 L  +1.4) N     586  --  G10 J8 K7 K10 F6 G10 H10
---White(^)---
G10 : T  19.81c W  19.81c S  -0.00c ( -0.4 L  +1.4) LCB   14.42c P 66.27% WF 565.3 PSV     559 N     563  --  G10 J8 K7 K10 F6 G10 H10 J9
E4  : T -17.97c W -17.97c S   0.00c ( +1.4 L  -0.3) LCB  -46.62c P 23.35% WF   8.8 PSV      13 N      14  --  E4 J8 K7 K10 K5 K4 H4 H8
C2  : T -26.40c W -26.40c S   0.00c ( +0.3 L  +2.3) LCB -200.00c P  2.52% WF   0.8 PSV       1 N       1  --  C2
F9  : T -18.28c W -18.28c S   0.00c ( +0.6 L  -3.1) LCB -422.44c P  1.35% WF   2.3 PSV       0 N       3  --  F9 H9 A7
E8  : T -32.23c W -32.23c S   0.00c ( +0.3 L  +2.5) LCB -200.00c P  2.09% WF   0.7 PSV       0 N       1  --  E8
D7  : T -33.12c W -33.12c S  -0.00c ( -1.4 L  +2.6) LCB -200.00c P  1.88% WF   0.7 PSV       0 N       1  --  D7
C4  : T -21.42c W -21.42c S   0.00c ( +3.0 L  +2.1) LCB -200.00c P  1.55% WF   0.8 PSV       0 N       1  --  C4
C6  : T -23.54c W -23.54c S   0.00c ( +2.8 L  +2.4) LCB -200.00c P  0.47% WF   0.8 PSV       0 N       1  --  C6

2025-11-23 03:59:46+0800: = G10
2025-11-23 03:59:46+0800: Controller: genmove w
2025-11-23 03:59:46+0800: MoveNum: 11 HASH: A23A688E94C427FF75CF7D0A0C973B01
   A B C D E F G H J K
10 . . . . . . O3. . .
 9 . . . . . . . . . .
 8 . . . . . X . . @ .
 7 X . . . . . . . B X
 6 . . . . . . . . O .
 5 . . . . . . . . B1.
 4 .2. . . . . . . . O
 3 . . . . . . . . . .
 2 . . . B . . X . . .
 1 . . . . . . O . . .

taxNONEkomi7.5
Time taken: 0.531
Root visits: 893
New playouts: 326
NN rows: 331
NN batches: 27
NN avg batch size: 12.2593
PV: J8 K7 K10 F6 G1 C5 A5 K10 G7 G4 K4 H2 H3 A7 D7 F9 G10 D10 H10 G7
Tree:
: T  12.82c W  12.82c S  -0.00c ( -0.4 L  +0.8) N     893  --  J8 K7 K10 F6 G1 C5 A5
---White(^)---
J8  : T  13.42c W  13.42c S  -0.00c ( -0.4 L  +0.9) LCB    9.36c P 97.84% WF 881.2 PSV     878 N     878  --  J8 K7 K10 F6 G1 C5 A5 K10
H9  : T -24.38c W -24.38c S  -0.00c ( -0.3 L  -6.3) LCB -200.00c P  1.12% WF   0.8 PSV       0 N       1  --  H9
K10 : T -52.14c W -52.14c S   0.00c ( +2.4 L  -7.4) LCB -200.00c P  0.09% WF   0.7 PSV       0 N       1  --  K10
A4  : T -37.88c W -37.88c S   0.00c ( +1.2 L  -6.9) LCB -200.00c P  0.09% WF   0.7 PSV       0 N       1  --  A4
J10 : T -46.58c W -46.58c S   0.00c ( +1.8 L  -7.0) LCB -200.00c P  0.09% WF   0.7 PSV       0 N       1  --  J10
G7  : T -51.34c W -51.34c S   0.00c ( +2.4 L  -7.7) LCB -200.00c P  0.08% WF   0.7 PSV       0 N       1  --  G7
G3  : T -49.08c W -49.08c S   0.00c ( +1.9 L  -8.0) LCB -200.00c P  0.07% WF   0.7 PSV       0 N       1  --  G3
G5  : T -47.60c W -47.60c S   0.00c ( +1.9 L  -7.4) LCB -200.00c P  0.07% WF   0.7 PSV       0 N       1  --  G5
A10 : T -36.88c W -36.88c S   0.00c ( +1.0 L  -7.2) LCB -200.00c P  0.06% WF   0.7 PSV       0 N       1  --  A10
B10 : T -42.26c W -42.26c S   0.00c ( +1.3 L  -6.8) LCB -200.00c P  0.05% WF   0.7 PSV       0 N       1  --  B10

2025-11-23 03:59:46+0800: = J8
2025-11-23 03:59:49+0800: Controller: play b A7
2025-11-23 03:59:49+0800: = 
2025-11-23 03:59:49+0800: Controller: play w D4
2025-11-23 03:59:49+0800: = 
2025-11-23 03:59:49+0800: Controller: play b J4
2025-11-23 03:59:49+0800: = 
2025-11-23 03:59:49+0800: Controller: time_settings 0 1 1
2025-11-23 03:59:49+0800: = 
2025-11-23 03:59:49+0800: Controller: genmove w
2025-11-23 03:59:49+0800: MoveNum: 15 HASH: 3377D073BAC19238FA5A98507AC2BBB6
   A B C D E F G H J K
10 . . . . . . O . . .
 9 . . . . . . . . . .
 8 . . . . . X . . B .
 7 .1. . . . . . . B X
 6 . . . . . . . . O .
 5 . . . . . . . . B .
 4 . . . X2. . . . B3O
 3 . . . . . . . . . .
 2 . . . B . . X . . .
 1 . . . . . . O . . .

taxNONEkomi7.5
Time taken: 0.531
Root visits: 421
New playouts: 314
NN rows: 332
NN batches: 26
NN avg batch size: 12.7692
PV: K4 J3 K4 K7 K10 F6 G10 J10 J9 F8 G8 G10 J10 H9
Tree:
: T  28.17c W  28.17c S  -0.00c ( -0.1 L  +2.0) N     421  --  K4 J3 K4 K7 K10 F6 G10
---White(^)---
K4  : T  29.52c W  29.52c S  -0.00c ( -0.1 L  +2.0) LCB   23.49c P 72.60% WF 391.5 PSV     385 N     389  --  K4 J3 K4 K7 K10 F6 G10 J10
G10 : T   6.02c W   6.02c S  -0.00c ( -0.8 L  -0.6) LCB  -39.03c P 23.24% WF  17.8 PSV      14 N      24  --  G10 H10 K8 D4 F2 F1 K4 K2
G1  : T  -1.49c W  -1.49c S   0.00c ( +1.6 L  +0.9) LCB -674.98c P  2.54% WF   2.4 PSV       1 N       3  --  G1 E3 G3
J6  : T -11.35c W -11.35c S   0.00c ( +1.4 L  +3.4) LCB -1514.21c P  1.61% WF   2.2 PSV       0 N       3  --  J6 F6
pss : T -100.00c W -100.00c S   0.00c ( +0.0 L  +0.0) LCB -200.00c P  0.01% WF   0.1 PSV       0 N       1  --  pass

2025-11-23 03:59:49+0800: = K4
2025-11-23 03:59:49+0800: Controller: genmove b
2025-11-23 03:59:50+0800: MoveNum: 16 HASH: 73992AA8456EF5007B93EEF9D620E344
   A B C D E F G H J K
10 . . . . . . O . . .
 9 . . . . . . . . . .
 8 . . . . . X . . B .
 7 . . . . . . . . B X
 6 . . . . . . . . O .
 5 . . . . . . . . B .
 4 . . . X1. . . . B2O3
 3 . . . . . . . . . .
 2 . . . B . . X @ . .
 1 . . . . . . O . . .

taxNONEkomi7.5
Time taken: 0.532
Root visits: 738
New playouts: 345
NN rows: 350
NN batches: 29
NN avg batch size: 12.069
PV: H2 K4 K7 K10 E5 H2 H4 H8 K10 J10 E6 H4 C9 H9 J10
Tree:
: T  35.23c W  35.23c S   0.00c ( +0.2 L  +2.4) N     738  --  H2 K4 K7 K10 E5 H2 H4
---White(^)---
H2  : T  39.16c W  39.16c S   0.00c ( +0.4 L  +2.7) LCB   32.58c P 43.76% WF 482.2 PSV     449 N     453  --  H2 K4 K7 K10 E5 H2 H4 H8
J3  : T  29.94c W  29.94c S   0.00c ( +0.1 L  +2.1) LCB   22.29c P 25.64% WF 173.9 PSV      59 N     192  --  J3 K4 K7 K10 F6 J6 G8 H8
K2  : T  24.89c W  24.89c S  -0.00c ( -0.3 L  +1.3) LCB   12.28c P 20.56% WF  69.7 PSV      33 N      82  --  K2 K6 K7 K10 F6 K2 H4 H8
K1  : T   0.76c W   0.76c S  -0.00c ( -1.2 L  -2.8) LCB  -63.74c P  7.38% WF   3.7 PSV       4 N       5  --  K1 K6 G2 J2
K3  : T   3.84c W   3.84c S   0.00c ( +0.2 L  -0.2) LCB -200.00c P  2.43% WF   1.6 PSV       1 N       2  --  K3 K6
K6  : T -83.19c W -83.19c S  -0.00c (-21.4 L  +2.7) LCB -200.00c P  0.19% WF   0.5 PSV       0 N       1  --  K6
K5  : T -76.25c W -76.25c S  -0.00c (-18.6 L  +3.1) LCB -200.00c P  0.03% WF   0.3 PSV       0 N       1  --  K5
pss : T -100.00c W -100.00c S   0.00c ( +0.0 L  +0.0) LCB -200.00c P  0.00% WF   0.0 PSV       0 N       1  --  pass

2025-11-23 03:59:50+0800: = H2
2025-11-23 03:59:50+0800: Controller: genmove w
2025-11-23 03:59:50+0800: MoveNum: 17 HASH: E6E4E3D37ECE2D02936DA8595A1C3E24
   A B C D E F G H J K
10 . . . . . . O . . .
 9 . . . . . . . . . .
 8 . . . . . X . . B .
 7 . . . . . . . . B X
 6 . . . . . . . . O .
 5 . . . . . . . . B .
 4 . . . X . . . . B1@2
 3 . . . . . . . . . .
 2 . . . B . . X O3. .
 1 . . . . . . O . . .

taxNONEkomi7.5
Time taken: 0.562
Root visits: 784
New playouts: 325
NN rows: 331
NN batches: 26
NN avg batch size: 12.7308
PV: K4 K7 K10 E5 H2 H4 H8 K10 J10 G8 J6 F3 K7 F8 F9 F10 G10 G9 K9 F9 F8 F9
Tree:
: T  33.99c W  33.99c S   0.00c ( +0.3 L  +2.0) N     784  --  K4 K7 K10 E5 H2 H4 H8
---White(^)---
K4  : T  35.11c W  35.11c S   0.00c ( +0.3 L  +2.1) LCB   29.67c P 71.74% WF 733.8 PSV     725 N     731  --  K4 K7 K10 E5 H2 H4 H8 K10
K2  : T  17.64c W  17.64c S  -0.00c ( -0.2 L  +1.6) LCB   -8.06c P 11.63% WF  21.1 PSV      17 N      26  --  K2 G2 G6 H7 J6 F3 J6 K7
J2  : T  25.25c W  25.25c S  -0.00c ( -1.1 L  +0.4) LCB    1.22c P  4.82% WF  11.8 PSV      11 N      13  --  J2 G2 G6 H7 J6
A9  : T   2.49c W   2.49c S  -0.00c ( -3.3 L  -3.3) LCB -200.00c P  2.86% WF   1.6 PSV       2 N       2  --  A9 K7
B8  : T  -6.91c W  -6.91c S  -0.00c ( -2.6 L  -4.1) LCB -200.00c P  2.51% WF   1.5 PSV       1 N       2  --  B8 K7
H10 : T   3.49c W   3.49c S  -0.00c ( -3.5 L  -3.1) LCB -200.00c P  1.59% WF   0.8 PSV       1 N       1  --  H10
J1  : T   2.26c W   2.26c S  -0.00c ( -3.4 L  -3.7) LCB -200.00c P  0.78% WF   0.8 PSV       0 N       1  --  J1
H8  : T  -2.61c W  -2.61c S  -0.00c ( -3.1 L  -4.5) LCB -200.00c P  0.76% WF   0.8 PSV       0 N       1  --  H8
J3  : T   5.23c W   5.23c S  -0.00c ( -3.2 L  -3.9) LCB -200.00c P  0.71% WF   0.8 PSV       0 N       1  --  J3
C7  : T   0.18c W   0.18c S  -0.00c ( -2.8 L  -3.2) LCB -200.00c P  0.70% WF   0.8 PSV       0 N       1  --  C7

2025-11-23 03:59:50+0800: = K4
2025-11-23 03:59:53+0800: Controller: play b K7
2025-11-23 03:59:53+0800: = 
2025-11-23 03:59:53+0800: Controller: play w K9
2025-11-23 03:59:53+0800: = 
2025-11-23 03:59:53+0800: Controller: play b K6
2025-11-23 03:59:53+0800: = 
2025-11-23 03:59:53+0800: Controller: time_settings 0 1 1
2025-11-23 03:59:53+0800: = 
2025-11-23 03:59:53+0800: Controller: genmove w
2025-11-23 03:59:53+0800: MoveNum: 21 HASH: 9EBB71DB1DAC3418E559D2BA63D7C8D3
   A B C D E F G H J K
10 . . . . . . O . . .
 9 . . . . . . . . . X2
 8 . . . . . X . . B .
 7 . . . . . . . . B .1
 6 . . . . . . . . O B3
 5 . . . . . . . . B .
 4 . . . X . . . . B B
 3 . . . . . . . . . .
 2 . . . B . . X O . .
 1 . . . . . . O . . .

taxNONEkomi7.5
Time taken: 0.531
Root visits: 378
New playouts: 326
NN rows: 342
NN batches: 27
NN avg batch size: 12.6667
PV: J6 F6 J9 K9 J10 G8 G10 H9 H10 F8 G9 H8 F6 F8 F9 G9 F10 D8
Tree:
: T  73.59c W  73.59c S   0.00c ( +4.2 L  +4.4) N     378  --  J6 F6 J9 K9 J10 G8 G10
---White(^)---
J6  : T  78.55c W  78.55c S   0.00c ( +6.4 L  +3.9) LCB   70.62c P 35.88% WF 160.0 PSV     149 N     179  --  J6 F6 J9 K9 J10 G8 G10 H9
H2  : T  70.71c W  70.71c S   0.00c ( +2.2 L  +5.2) LCB   61.86c P 37.91% WF 108.8 PSV      45 N     127  --  H2 H9 J9 G2 G8 H7 H9 C9
G10 : T  67.62c W  67.62c S   0.00c ( +2.4 L  +3.8) LCB   54.03c P 25.33% WF  59.2 PSV      23 N      65  --  G10 H9 J9 F8 G8 G9 H9 H6
G1  : T -16.99c W -16.99c S  -0.00c ( -4.7 L  +3.9) LCB -1511.81c P  0.88% WF   1.6 PSV       0 N       4  --  G1 E3
pss : T -100.00c W -100.00c S   0.00c ( +0.0 L  +0.0) LCB -200.00c P  0.00% WF   0.0 PSV       0 N       2  --  pass

2025-11-23 03:59:53+0800: = J6
2025-11-23 03:59:53+0800: Controller: genmove b
2025-11-23 03:59:54+0800: MoveNum: 22 HASH: 07BED55031C710FC21BC8C365111760B
   A B C D E F G H J K
10 . . . . . . O . . .
 9 . . . . . . . . . X1
 8 . . . . . X . . B .
 7 . . . . . . . . B .
 6 . . . . . @ . . O3B2
 5 . . . . . . . . B .
 4 . . . X . . . . B B
 3 . . . . . . . . . .
 2 . . . B . . X O . .
 1 . . . . . . O . . .

taxNONEkomi7.5
Time taken: 0.516
Root visits: 564
New playouts: 380
NN rows: 308
NN batches: 30
NN avg batch size: 10.2667
PV: F6 J9 K9 J10 G8 G10 H9 H10 F8 G9 H8 F6 F8 F9 G2 G3 F2 G1 D1 K7 G9
Tree:
: T  88.42c W  88.42c S   0.00c ( +2.3 L  +6.6) N     564  --  F6 J9 K9 J10 G8 G10 H9
---White(^)---
F6  : T  91.89c W  91.89c S   0.00c ( +2.1 L  +7.0) LCB   87.84c P 60.07% WF 438.2 PSV     416 N     436  --  F6 J9 K9 J10 G8 G10 H9 H10
F9  : T  63.12c W  63.12c S   0.00c ( +4.1 L  +2.5) LCB   47.01c P 30.04% WF  23.3 PSV      16 N      33  --  F9 J9 K9 J10 G8 F9 E9 H9
E6  : T  78.02c W  78.02c S   0.00c ( +3.6 L  +5.0) LCB   67.90c P  7.27% WF  58.9 PSV       7 N      70  --  E6 H9 K9 K7 D1 H2 H7 J6
G8  : T  59.67c W  59.67c S   0.00c ( +4.4 L  +1.4) LCB  -54.34c P  0.20% WF   2.1 PSV       0 N       5  --  G8 H9 F8 F9
H7  : T  56.39c W  56.39c S   0.00c ( +2.7 L  +2.5) LCB -398.80c P  1.05% WF   2.4 PSV       0 N       3  --  H7 H9 K9
H6  : T  54.34c W  54.34c S  -0.00c ( -1.8 L  +4.2) LCB -200.00c P  0.18% WF   1.6 PSV       0 N       2  --  H6 H9
H5  : T  50.04c W  50.04c S  -0.00c ( -3.7 L  +7.2) LCB -200.00c P  1.04% WF   0.8 PSV       0 N       1  --  H5
C6  : T -26.94c W -26.94c S  -0.00c ( -0.5 L  +2.9) LCB -200.00c P  0.05% WF   0.3 PSV       0 N       1  --  C6
D6  : T -26.89c W -26.89c S  -0.00c ( -0.8 L  +2.7) LCB -200.00c P  0.03% WF   0.2 PSV       0 N       1  --  D6
B6  : T -22.40c W -22.40c S  -0.00c ( -0.2 L  +3.2) LCB -200.00c P  0.02% WF   0.1 PSV       0 N       1  --  B6

2025-11-23 03:59:54+0800: = F6
2025-11-23 03:59:54+0800: Controller: genmove w
2025-11-23 03:59:54+0800: MoveNum: 23 HASH: AC1C4E5E07D85CEDC4EE78956E4557B5
   A B C D E F G H J K
10 . . . . . . O . . .
 9 . . . . . . . . @ X
 8 . . . . . X . . B .
 7 . . . . . . . . B .
 6 . . . . . O3. . .2B1
 5 . . . . . . . . B .
 4 . . . X . . . . B B
 3 . . . . . . . . . .
 2 . . . B . . X O . .
 1 . . . . . . O . . .

taxNONEkomi7.5
Time taken: 0.531
Root visits: 828
New playouts: 388
NN rows: 301
NN batches: 33
NN avg batch size: 9.12121
PV: J9 K9 J10 G8 G10 H9 H10 F8 G9 H8 F6 F8 F9 G2 G3 H3 H2 E2 E10 D4 D3
Tree:
: T  94.87c W  94.87c S   0.00c ( +3.4 L  +6.6) N     828  --  J9 K9 J10 G8 G10 H9 H10
---White(^)---
J9  : T  95.00c W  95.00c S   0.00c ( +3.4 L  +6.6) LCB   92.95c P 99.90% WF 813.0 PSV     813 N     815  --  J9 K9 J10 G8 G10 H9 H10 F8
C9  : T -49.37c W -49.37c S   0.00c ( +4.5 L  -7.2) LCB -200.00c P  0.01% WF   0.1 PSV       0 N       1  --  C9
F3  : T -66.42c W -66.42c S   0.00c ( +6.5 L  -9.6) LCB -200.00c P  0.01% WF   0.1 PSV       0 N       1  --  F3
G7  : T -57.69c W -57.69c S   0.00c ( +4.6 L  -8.4) LCB -200.00c P  0.01% WF   0.1 PSV       0 N       1  --  G7
H8  : T -58.27c W -58.27c S   0.00c ( +5.0 L  -8.3) LCB -200.00c P  0.01% WF   0.1 PSV       0 N       1  --  H8
B6  : T -56.98c W -56.98c S   0.00c ( +4.9 L  -8.4) LCB -200.00c P  0.01% WF   0.1 PSV       0 N       1  --  B6
D8  : T -43.82c W -43.82c S   0.00c ( +3.6 L  -6.3) LCB -200.00c P  0.01% WF   0.1 PSV       0 N       1  --  D8
K10 : T -57.48c W -57.48c S   0.00c ( +5.0 L  -8.7) LCB -200.00c P  0.01% WF   0.1 PSV       0 N       1  --  K10
E7  : T -67.64c W -67.64c S   0.00c ( +6.5 L  -9.9) LCB -200.00c P  0.00% WF   0.0 PSV       0 N       1  --  E7
B10 : T -56.99c W -56.99c S   0.00c ( +4.6 L  -8.3) LCB -200.00c P  0.00% WF   0.0 PSV       0 N       1  --  B10

2025-11-23 03:59:54+0800: = J9
2025-11-23 03:59:57+0800: Controller: play b K9
2025-11-23 03:59:57+0800: = 
2025-11-23 03:59:57+0800: Controller: play w J10
2025-11-23 03:59:57+0800: = 
2025-11-23 03:59:57+0800: Controller: play b E6
2025-11-23 03:59:57+0800: = 
2025-11-23 03:59:57+0800: Controller: time_settings 0 1 1
2025-11-23 03:59:57+0800: = 
2025-11-23 03:59:57+0800: Controller: genmove w
2025-11-23 03:59:57+0800: MoveNum: 27 HASH: 6EF3ED6276A981110069618944E0E91C
   A B C D E F G H J K
10 . . . . . . O . X2.
 9 . . . . . . . . B .1
 8 . . . . . X . . B .
 7 . . . . . . . . B .
 6 . . . . B3O . . . B
 5 . . . . . . . . B .
 4 . . . X . . . . B B
 3 . . . . . . . . . .
 2 . . . B . . X O . .
 1 . . . . . . O . . .

taxNONEkomi7.5
Time taken: 0.516
Root visits: 514
New playouts: 394
NN rows: 312
NN batches: 31
NN avg batch size: 10.0645
PV: H2 A9 H9 pass
Tree:
: T  96.58c W  96.58c S   0.00c ( +4.7 L  +6.0) N     514  --  H2 A9 H9 pass
---White(^)---
H2  : T  96.68c W  96.68c S   0.00c ( +5.7 L  +5.6) LCB   94.35c P 59.21% WF 260.4 PSV     260 N     269  --  H2 A9 H9 pass
G10 : T  97.13c W  97.13c S   0.00c ( +3.0 L  +6.2) LCB   93.71c P 25.59% WF 164.3 PSV     138 N     174  --  G10 H9 H10 pass
F6  : T  96.32c W  96.32c S   0.00c ( +5.4 L  +7.1) LCB   94.08c P 13.78% WF  66.6 PSV      52 N      67  --  F6 F7 H9 F8 E8 E10 G10 G9
G1  : T  -5.87c W  -5.87c S  -0.00c ( -3.9 L  +5.2) LCB -200.00c P  1.42% WF   1.0 PSV       0 N       2  --  G1 H1
pss : T -100.00c W -100.00c S   0.00c ( +0.0 L  +0.0) LCB -200.00c P  0.00% WF   0.0 PSV       0 N       1  --  pass

2025-11-23 03:59:57+0800: = H2
2025-11-23 03:59:57+0800: Controller: genmove b
2025-11-23 03:59:58+0800: MoveNum: 28 HASH: E8CF60D66D7A339DABAEB914B7998C58
   A B C D E F G H J K
10 . . . . . . O . X1.
 9 . . . . . . . . B .
 8 . . . . . X . . B .
 7 . . . . . . . . B .
 6 . . . . B2O . . . B
 5 . . . . . . . @ B .
 4 . . . X . . . . B B
 3 . . . . . . . . . .
 2 . . . B . . X O3. .
 1 . . . . . . O . . .

taxNONEkomi7.5
Time taken: 0.531
Root visits: 789
New playouts: 502
NN rows: 298
NN batches: 38
NN avg batch size: 7.84211
PV: H5 H9 F8 pass
Tree:
: T  97.57c W  97.57c S  -0.00c ( -1.1 L  +8.5) N     789  --  H5 H9 F8 pass
---White(^)---
H5  : T  99.53c W  99.53c S  -0.00c ( -2.1 L  +8.0) LCB   99.21c P 18.04% WF 230.8 PSV     856 N     224  --  H5 H9 F8 pass
A9  : T  97.41c W  97.41c S  -0.00c ( -1.3 L  +8.8) LCB   93.37c P 31.87% WF 236.4 PSV     238 N     240  --  A9 H9 D4 pass
H7  : T  97.93c W  97.93c S  -0.00c ( -2.1 L  +8.6) LCB   94.01c P 11.27% WF  87.1 PSV      87 N      87  --  H7 H9 F8 pass
H3  : T  98.46c W  98.46c S  -0.00c ( -2.6 L +10.4) LCB   97.47c P  6.44% WF  81.7 PSV      81 N      81  --  H3 H9 G2 pass
H4  : T  98.23c W  98.23c S   0.00c ( +0.6 L  +8.5) LCB   96.91c P  3.35% WF  68.3 PSV      43 N      68  --  H4 H9 F8 F9 F10 G10 G9 H10
H9  : T  80.63c W  80.63c S   0.00c ( +6.7 L  +4.1) LCB   59.69c P 27.97% WF  22.0 PSV      21 N      27  --  H9 H10 F8 F9 G9 G10 D10 F8
H6  : T  96.83c W  96.83c S   0.00c ( +2.0 L  +8.5) LCB   94.31c P  0.50% WF  45.2 PSV       2 N      48  --  H6 H9 F8 F9 F10 G10 G9
H8  : T  87.49c W  87.49c S   0.00c (+15.3 L  -0.9) LCB   67.52c P  0.40% WF   7.0 PSV       0 N       9  --  H8 H9 J10 H10 K10
C7  : T  20.74c W  20.74c S   0.00c ( +1.2 L  +6.3) LCB -200.00c P  0.08% WF   0.6 PSV       0 N       1  --  C7
H1  : T  73.14c W  73.14c S  -0.00c ( -8.7 L +11.4) LCB -200.00c P  0.06% WF   0.8 PSV       0 N       1  --  H1

2025-11-23 03:59:58+0800: = H5
2025-11-23 03:59:58+0800: Controller: genmove w
2025-11-23 03:59:58+0800: MoveNum: 29 HASH: EC47FCF391A60BA14F4A48DD9CEE8C06
   A B C D E F G H J K
10 . . . . . . O . X .
 9 . . . . . . . @ B .
 8 . . . . . X . . B .
 7 . . . . . . . . B .
 6 . . . . B1O . . . B
 5 . . . . . . . O3B .
 4 . . . X . . . . B B
 3 . . . . . . . . . .
 2 . . . B . . X .2. .
 1 . . . . . . O . . .

taxNONEkomi7.5
Time taken: 0.531
Root visits: 774
New playouts: 539
NN rows: 294
NN batches: 39
NN avg batch size: 7.53846
PV: H9 F8 pass
Tree:
: T  97.37c W  97.37c S   0.00c ( +0.3 L  +6.4) N     774  --  H9 F8 pass
---White(^)---
H9  : T  97.57c W  97.57c S   0.00c ( +0.4 L  +6.4) LCB   95.22c P 99.68% WF 718.1 PSV     717 N     768  --  H9 F8 pass
H10 : T -34.22c W -34.22c S   0.00c ( +2.5 L  -5.3) LCB -200.00c P  0.03% WF   0.3 PSV       0 N       1  --  H10
D9  : T -34.60c W -34.60c S   0.00c ( +2.2 L  -5.6) LCB -200.00c P  0.03% WF   0.2 PSV       0 N       1  --  D9
F7  : T -38.43c W -38.43c S   0.00c ( +2.8 L  -5.8) LCB -200.00c P  0.03% WF   0.2 PSV       0 N       1  --  F7
H3  : T -33.14c W -33.14c S   0.00c ( +2.3 L  -5.5) LCB -200.00c P  0.02% WF   0.2 PSV       0 N       1  --  H3
K7  : T -37.06c W -37.06c S   0.00c ( +2.2 L  -5.8) LCB -200.00c P  0.02% WF   0.2 PSV       0 N       1  --  K7

2025-11-23 03:59:58+0800: = H9
2025-11-23 04:00:01+0800: Controller: play b F8
2025-11-23 04:00:01+0800: = 
2025-11-23 04:00:01+0800: Controller: play w E8
2025-11-23 04:00:01+0800: = 
2025-11-23 04:00:01+0800: Controller: play b B5
2025-11-23 04:00:01+0800: = 
2025-11-23 04:00:01+0800: Controller: time_settings 0 1 1
2025-11-23 04:00:01+0800: = 
2025-11-23 04:00:01+0800: Controller: genmove w
2025-11-23 04:00:01+0800: MoveNum: 33 HASH: 0885961B62D7D36FC04CAD10B24BB65C
   A B C D E F G H J K
10 . . . . . . O . X .
 9 . . . . . . . B B .
 8 . . . . X2.1. . B .
 7 . . . . . . . . B .
 6 . . . . B O . . . B
 5 . B3. . . . . O B .
 4 . . . X . . . . B B
 3 . . . . . . . . . .
 2 . . . B . . X . . .
 1 . . . . . . O . . .

taxNONEkomi7.5
Time taken: 0.437
Root visits: 450
New playouts: 397
NN rows: 253
NN batches: 28
NN avg batch size: 9.03571
PV: G10 C10 H10 pass
Tree:
: T  98.02c W  98.02c S   0.00c (+16.2 L  -0.4) N     450  --  G10 C10 H10 pass
---White(^)---
G10 : T  99.69c W  99.69c S   0.00c (+20.3 L  -2.6) LCB   99.41c P 43.88% WF 221.2 PSV     275 N     217  --  G10 C10 H10 pass
F6  : T  97.63c W  97.63c S   0.00c (+11.5 L  +2.1) LCB   95.99c P 27.17% WF 108.3 PSV      58 N     110  --  F6 F8 H10 pass
H5  : T  96.80c W  96.80c S   0.00c (+12.5 L  +1.6) LCB   94.76c P 24.08% WF  79.9 PSV      41 N      84  --  H5 C5 H10 pass
G1  : T  90.66c W  90.66c S   0.00c (+14.0 L  +1.0) LCB   86.02c P  4.87% WF  31.1 PSV       3 N      34  --  G1 E3 G3 J10 H10 E7
pss : T -100.00c W -100.00c S   0.00c ( +0.0 L  +0.0) LCB -100.32c P  0.00% WF   0.0 PSV       0 N       4  --  pass

2025-11-23 04:00:01+0800: = G10
2025-11-23 04:00:01+0800: Controller: genmove b
2025-11-23 04:00:02+0800: MoveNum: 34 HASH: 0D129D5F6387285EAC55339D25222C6A
   A B C D E F G H J K
10 . . @ . . . O3. X .
 9 . . . . . . . B B .
 8 . . . . X1. . . B .
 7 . . . . . . . . B .
 6 . . . . B O . . . B
 5 . B2. . . . . O B .
 4 . . . X . . . . B B
 3 . . . . . . . . . .
 2 . . . B . . X . . .
 1 . . . . . . O . . .

taxNONEkomi7.5
Time taken: 0.391
Root visits: 674
New playouts: 453
NN rows: 206
NN batches: 30
NN avg batch size: 6.86667
PV: C10 H10 pass
Tree:
: T  99.61c W  99.61c S   0.00c (+10.2 L  +2.0) N     674  --  C10 H10 pass
---White(^)---
C10 : T  99.85c W  99.85c S   0.00c ( +9.2 L  +2.7) LCB   99.73c P 19.37% WF  94.3 PSV     225 N      94  --  C10 H10 pass
D10 : T  99.82c W  99.82c S   0.00c ( +6.0 L  +4.4) LCB   99.68c P 18.65% WF 119.3 PSV     119 N     119  --  D10 H10 pass
E10 : T  99.72c W  99.72c S   0.00c ( +9.7 L  +2.2) LCB   99.46c P 13.39% WF  83.9 PSV      80 N      84  --  E10 H10 pass
B10 : T  99.81c W  99.81c S   0.00c (+13.2 L  +0.0) LCB   99.57c P 11.87% WF  73.0 PSV      73 N      73  --  B10 H10 pass
G9  : T  99.68c W  99.68c S   0.00c (+10.5 L  +1.7) LCB   99.31c P 13.58% WF  67.0 PSV      67 N      67  --  G9 H10 pass
A10 : T  99.78c W  99.78c S   0.00c (+12.0 L  -0.1) LCB   99.52c P 10.70% WF  70.1 PSV      66 N      70  --  A10 H10 pass
F10 : T  99.73c W  99.73c S   0.00c (+10.0 L  +2.1) LCB   99.38c P  7.47% WF  70.1 PSV      45 N      70  --  F10 H10 pass
G7  : T  98.88c W  98.88c S   0.00c ( +8.7 L  +3.0) LCB   97.31c P  1.13% WF  40.0 PSV       4 N      42  --  G7 G10 pass
G3  : T  98.53c W  98.53c S   0.00c (+18.3 L  -1.4) LCB   95.12c P  1.20% WF  15.8 PSV       4 N      16  --  G3 G10 J10 H10 E7 F6
F9  : T  99.03c W  99.03c S   0.00c (+17.5 L  -1.1) LCB   95.54c P  0.50% WF  19.4 PSV       2 N      20  --  F9 G10 pass

2025-11-23 04:00:02+0800: = C10
2025-11-23 04:00:02+0800: Controller: genmove w
2025-11-23 04:00:02+0800: MoveNum: 35 HASH: 09149BFFE729A6DB619E51B7E1A23A69
   A B C D E F G H J K
10 . . O3. . . .2@ X .
 9 . . . . . . . B B .
 8 . . . . X . . . B .
 7 . . . . . . . . B .
 6 . . . . B O . . . B
 5 . B1. . . . . O B .
 4 . . . X . . . . B B
 3 . . . . . . . . . .
 2 . . . B . . X . . .
 1 . . . . . . O . . .

taxNONEkomi7.5
Time taken: 0.39
Root visits: 591
New playouts: 482
NN rows: 199
NN batches: 32
NN avg batch size: 6.21875
PV: H10 J10 pass
Tree:
: T  99.21c W  99.21c S  -0.00c ( -6.1 L +10.0) N     591  --  H10 J10 pass
---White(^)---
H10 : T  99.93c W  99.93c S  -0.00c ( -6.4 L  +9.7) LCB   99.89c P 79.08% WF 413.6 PSV     411 N     411  --  H10 J10 pass
G10 : T  99.73c W  99.73c S  -0.00c ( -5.5 L +10.8) LCB   99.58c P 18.43% WF 159.8 PSV      88 N     160  --  G10 J10 H10 F8 C10 D9
F10 : T  78.23c W  78.23c S   0.00c (+16.9 L  -2.2) LCB -200.00c P  1.98% WF   1.7 PSV       0 N       2  --  F10 J10
E10 : T   7.47c W   7.47c S  -0.00c ( -1.1 L  -2.0) LCB -200.00c P  0.13% WF   0.6 PSV       0 N       1  --  E10
D10 : T -17.11c W -17.11c S   0.00c ( +0.2 L  -4.1) LCB -200.00c P  0.05% WF   0.3 PSV       0 N       1  --  D10
C3  : T   7.76c W   7.76c S  -0.00c ( -0.8 L  -2.8) LCB -200.00c P  0.04% WF   0.3 PSV       0 N       1  --  C3
C2  : T  -1.14c W  -1.14c S   0.00c ( +0.3 L  -3.8) LCB -200.00c P  0.04% WF   0.3 PSV       0 N       1  --  C2
C5  : T -30.33c W -30.33c S   0.00c ( +3.4 L  -4.7) LCB -200.00c P  0.04% WF   0.2 PSV       0 N       1  --  C5
C4  : T  -6.89c W  -6.89c S   0.00c ( +0.7 L  -3.4) LCB -200.00c P  0.04% WF   0.3 PSV       0 N       1  --  C4
C6  : T  -7.69c W  -7.69c S   0.00c ( +0.7 L  -3.7) LCB -200.00c P  0.03% WF   0.2 PSV       0 N       1  --  C6

2025-11-23 04:00:02+0800: = H10
2025-11-23 04:00:04+0800: Controller: play b E8
2025-11-23 04:00:04+0800: = 
2025-11-23 04:00:04+0800: Controller: play w C8
2025-11-23 04:00:04+0800: = 
2025-11-23 04:00:04+0800: Controller: play b A10
2025-11-23 04:00:04+0800: = 
2025-11-23 04:00:04+0800: Controller: time_settings 0 1 1
2025-11-23 04:00:04+0800: = 
2025-11-23 04:00:04+0800: Controller: genmove w
2025-11-23 04:00:05+0800: MoveNum: 39 HASH: F06504451D4F8B277E795E937FC0F260
   A B C D E F G H J K
10 B3. O . . . . B X .
 9 . . . . . . . B B .
 8 . . X2. .1. . . B .
 7 . . . . . . . . B .
 6 . . . . B O . . . B
 5 . B . . . . . O B .
 4 . . . X . . . . B B
 3 . . . . . . . . . .
 2 . . . B . . X . . .
 1 . . . . . . O . . .

taxNONEkomi7.5
Time taken: 0.36
Root visits: 419
New playouts: 360
NN rows: 205
NN batches: 26
NN avg batch size: 7.88462
PV: C10 C9 F9 pass
Tree:
: T  99.92c W  99.92c S   0.00c (+29.4 L  -3.4) N     419  --  C10 C9 F9 pass
---White(^)---
C10 : T  99.94c W  99.94c S   0.00c (+28.0 L  -3.2) LCB   99.90c P 22.65% WF 101.0 PSV     230 N     101  --  C10 C9 F9 pass
H5  : T  99.93c W  99.93c S   0.00c (+32.3 L  -4.2) LCB   99.88c P 35.11% WF 123.0 PSV     123 N     123  --  H5 C5 C3 pass
G1  : T  99.90c W  99.90c S   0.00c (+28.1 L  -2.5) LCB   99.84c P 22.07% WF  77.0 PSV      76 N      77  --  G1 E3 E4 pass
F6  : T  99.93c W  99.93c S   0.00c (+29.0 L  -3.5) LCB   99.89c P 20.17% WF 115.0 PSV      71 N     115  --  F6 E5 G3 pass
pss : T -100.00c W -100.00c S   0.00c ( +0.0 L  +0.0) LCB -200.00c P  0.00% WF   0.0 PSV       0 N       2  --  pass

2025-11-23 04:00:05+0800: = C10
2025-11-23 04:00:05+0800: Controller: genmove b
2025-11-23 04:00:05+0800: MoveNum: 40 HASH: F0022AE3AC74071DF3EDF1226DA05714
   A B C D E F G H J K
10 B2. O3. . . . B X .
 9 . . . @ . . . B B .
 8 . . X1. . . . . B .
 7 . . . . . . . . B .
 6 . . . . B O . . . B
 5 . B . . . . . O B .
 4 . . . X . . . . B B
 3 . . . . . . . . . .
 2 . . . B . . X . . .
 1 . . . . . . O . . .

taxNONEkomi7.5
Time taken: 0.297
Root visits: 384
New playouts: 274
NN rows: 158
NN batches: 20
NN avg batch size: 7.9
PV: D9 D8 pass
Tree:
: T  99.92c W  99.92c S   0.00c (+31.4 L  -5.8) N     384  --  D9 D8 pass
---White(^)---
D9  : T  99.95c W  99.95c S   0.00c (+29.5 L  -5.7) LCB   99.91c P 15.81% WF  64.0 PSV     101 N      64  --  D9 D8 pass
C9  : T  99.95c W  99.95c S   0.00c (+31.1 L  -6.0) LCB   99.90c P 12.63% WF  57.0 PSV      51 N      57  --  C9 D8 pass
E8  : T  99.93c W  99.93c S   0.00c (+30.2 L  -5.5) LCB   99.86c P 12.66% WF  42.0 PSV      42 N      42  --  E8 E9 pass
A8  : T  99.93c W  99.93c S   0.00c (+38.0 L  -7.1) LCB   99.87c P  9.52% WF  41.0 PSV      38 N      41  --  A8 E4 pass
B9  : T  99.91c W  99.91c S   0.00c (+36.6 L  -6.7) LCB   99.83c P  9.35% WF  38.0 PSV      37 N      38  --  B9 B6 pass
D10 : T  99.93c W  99.93c S   0.00c (+30.6 L  -6.0) LCB   99.85c P  8.95% WF  36.0 PSV      36 N      36  --  D10 D7 pass
E10 : T  99.86c W  99.86c S   0.00c (+29.2 L  -5.8) LCB   99.65c P  7.53% WF  23.0 PSV      23 N      23  --  E10 B10 pass
F7  : T  99.90c W  99.90c S   0.00c (+30.0 L  -5.4) LCB   99.77c P  6.57% WF  22.0 PSV      22 N      22  --  F7 C10 pass
F10 : T  99.86c W  99.86c S   0.00c (+28.4 L  -5.2) LCB   99.65c P  5.17% WF  18.0 PSV      18 N      18  --  F10 A5 pass
G6  : T  99.86c W  99.86c S   0.00c (+29.5 L  -4.6) LCB   99.52c P  4.73% WF  15.0 PSV      15 N      15  --  G6 G3 pass

2025-11-23 04:00:05+0800: = D9
2025-11-23 04:00:05+0800: Controller: genmove w
2025-11-23 04:00:05+0800: MoveNum: 41 HASH: 25A0FD22C71BE68B05F0605DC3ACEDAE
   A B C D E F G H J K
10 B1. .2. . . . B X .
 9 . . . O3. . . B B .
 8 . . X . @ . . . B .
 7 . . . . . . . . B .
 6 . . . . B O . . . B
 5 . B . . . . . O B .
 4 . . . X . . . . B B
 3 . . . . . . . . . .
 2 . . . B . . X . . .
 1 . . . . . . O . . .

taxNONEkomi7.5
Time taken: 0.265
Root visits: 458
New playouts: 385
NN rows: 128
NN batches: 27
NN avg batch size: 4.74074
PV: E8 pass
Tree:
: T  99.94c W  99.94c S   0.00c (+18.5 L  -3.0) N     458  --  E8 pass
---White(^)---
E8  : T  99.97c W  99.97c S   0.00c (+14.4 L  -2.3) LCB   99.89c P 12.31% WF  39.0 PSV      99 N      39  --  E8 pass
D8  : T  99.94c W  99.94c S   0.00c (+12.2 L  +0.1) LCB   99.82c P 14.33% WF  47.0 PSV      47 N      47  --  D8 pass
D7  : T  99.93c W  99.93c S   0.00c (+14.3 L  -0.9) LCB   99.78c P 11.41% WF  43.0 PSV      38 N      43  --  D7 pass
D6  : T  99.94c W  99.94c S   0.00c (+19.0 L  -3.1) LCB   99.83c P  7.11% WF  32.0 PSV      23 N      32  --  D6 pass
D10 : T  99.93c W  99.93c S   0.00c (+13.7 L  -0.6) LCB   99.80c P  6.64% WF  39.0 PSV      22 N      39  --  D10 pass
F9  : T  99.95c W  99.95c S   0.00c (+17.7 L  -3.0) LCB   99.82c P  6.44% WF  35.0 PSV      21 N      35  --  F9 pass
E9  : T  99.96c W  99.96c S   0.00c (+21.6 L  -4.6) LCB   99.88c P  6.31% WF  24.0 PSV      21 N      24  --  E9 pass
B9  : T  99.96c W  99.96c S   0.00c (+23.3 L  -5.2) LCB   99.88c P  5.70% WF  22.0 PSV      19 N      22  --  B9 pass
A9  : T  99.94c W  99.94c S   0.00c (+21.9 L  -4.0) LCB   99.81c P  5.62% WF  28.0 PSV      18 N      28  --  A9 pass
F7  : T  99.96c W  99.96c S   0.00c (+20.4 L  -4.4) LCB   99.88c P  4.79% WF  28.0 PSV      16 N      28  --  F7 pass

2025-11-23 04:00:05+0800: = E8
2025-11-23 04:00:07+0800: GPU 0 finishing, processed 14288 rows 1481 batches
2025-11-23 04:00:07+0800: All cleaned up, quitting
