2025-11-23 03:35:52+0800: GTP Engine starting...
2025-11-23 03:35:52+0800: KataGo v1.10.0
2025-11-23 03:35:52+0800: Using default rules initially, unless GTP/GUI overrides this
2025-11-23 03:35:52+0800: Using 20 CPU thread(s) for search
2025-11-23 03:35:52+0800: nnRandSeed0 = 4955479252812993143
2025-11-23 03:35:52+0800: After dedups: nnModelFile0 = weights\amazons10x10.bin.gz useFP16 auto useNHWC auto
2025-11-23 03:35:52+0800: Initializing neural net buffer to be size 10 * 10 exactly
2025-11-23 03:35:59+0800: Found OpenCL Platform 0: NVIDIA CUDA (NVIDIA Corporation) (OpenCL 3.0 CUDA 13.0.84)
2025-11-23 03:35:59+0800: Found 1 device(s) on platform 0 with type CPU or GPU or Accelerator
2025-11-23 03:35:59+0800: Found OpenCL Device 0: NVIDIA GeForce GTX 1650 (NVIDIA Corporation) (score 11000300)
2025-11-23 03:35:59+0800: Creating context for OpenCL Platform: NVIDIA CUDA (NVIDIA Corporation) (OpenCL 3.0 CUDA 13.0.84)
2025-11-23 03:35:59+0800: Using OpenCL Device 0: NVIDIA GeForce GTX 1650 (NVIDIA Corporation) OpenCL 3.0 CUDA (Extensions: cl_khr_global_int32_base_atomics cl_khr_global_int32_extended_atomics cl_khr_local_int32_base_atomics cl_khr_local_int32_extended_atomics cl_khr_fp64 cl_khr_3d_image_writes cl_khr_byte_addressable_store cl_khr_icd cl_khr_gl_sharing cl_nv_compiler_options cl_nv_device_attribute_query cl_nv_pragma_unroll cl_nv_d3d10_sharing cl_khr_d3d10_sharing cl_nv_d3d11_sharing cl_nv_copy_opts cl_nv_create_buffer cl_khr_int64_base_atomics cl_khr_int64_extended_atomics cl_khr_device_uuid cl_khr_pci_bus_info cl_khr_external_semaphore cl_khr_external_memory cl_khr_external_semaphore_win32 cl_khr_external_memory_win32 cl_khr_semaphore)
2025-11-23 03:35:59+0800: No existing tuning parameters found or parseable or valid at: D:\Amazon\src\ai\kataAmazonEngine/KataGoData/opencltuning/tune8_gpuNVIDIAGeForceGTX1650_x10_y10_c256_mv10.txt
2025-11-23 03:35:59+0800: Performing autotuning
2025-11-23 03:35:59+0800: *** On some systems, this may take several minutes, please be patient ***
2025-11-23 03:35:59+0800: Found OpenCL Platform 0: NVIDIA CUDA (NVIDIA Corporation) (OpenCL 3.0 CUDA 13.0.84)
2025-11-23 03:35:59+0800: Found 1 device(s) on platform 0 with type CPU or GPU or Accelerator
2025-11-23 03:35:59+0800: Found OpenCL Device 0: NVIDIA GeForce GTX 1650 (NVIDIA Corporation) (score 11000300)
2025-11-23 03:35:59+0800: Creating context for OpenCL Platform: NVIDIA CUDA (NVIDIA Corporation) (OpenCL 3.0 CUDA 13.0.84)
2025-11-23 03:35:59+0800: Using OpenCL Device 0: NVIDIA GeForce GTX 1650 (NVIDIA Corporation) OpenCL 3.0 CUDA (Extensions: cl_khr_global_int32_base_atomics cl_khr_global_int32_extended_atomics cl_khr_local_int32_base_atomics cl_khr_local_int32_extended_atomics cl_khr_fp64 cl_khr_3d_image_writes cl_khr_byte_addressable_store cl_khr_icd cl_khr_gl_sharing cl_nv_compiler_options cl_nv_device_attribute_query cl_nv_pragma_unroll cl_nv_d3d10_sharing cl_khr_d3d10_sharing cl_nv_d3d11_sharing cl_nv_copy_opts cl_nv_create_buffer cl_khr_int64_base_atomics cl_khr_int64_extended_atomics cl_khr_device_uuid cl_khr_pci_bus_info cl_khr_external_semaphore cl_khr_external_memory cl_khr_external_semaphore_win32 cl_khr_external_memory_win32 cl_khr_semaphore)
2025-11-23 03:36:46+0800: Done tuning, saved results to D:\Amazon\src\ai\kataAmazonEngine/KataGoData/opencltuning/tune8_gpuNVIDIAGeForceGTX1650_x10_y10_c256_mv10.txt
2025-11-23 03:36:46+0800: OpenCL backend thread 0: Device 0 Model version 10
2025-11-23 03:36:46+0800: OpenCL backend thread 0: Device 0 Model name: amazons8x-b20c256-s182755840-d39606896
2025-11-23 03:36:48+0800: OpenCL backend thread 0: Device 0 FP16Storage false FP16Compute false FP16TensorCores false
2025-11-23 03:36:48+0800: Loaded neural net with nnXLen 10 nnYLen 10
2025-11-23 03:36:48+0800: Initializing board with boardXSize 10 boardYSize 10
2025-11-23 03:36:48+0800: --------------
2025-11-23 03:36:48+0800: WARNING: Config had unused keys! You may have a typo, an option you specified is being unused from engine.cfg
2025-11-23 03:36:48+0800: WARNING: Unused key 'gpuToUseThread1' in engine.cfg
2025-11-23 03:36:48+0800: WARNING: Unused key 'gpuToUseThread2' in engine.cfg
2025-11-23 03:36:48+0800: WARNING: Unused key 'gpuToUseThread3' in engine.cfg
2025-11-23 03:36:48+0800: WARNING: Unused key 'hasButton' in engine.cfg
2025-11-23 03:36:48+0800: WARNING: Unused key 'koRule' in engine.cfg
2025-11-23 03:36:48+0800: WARNING: Unused key 'multiStoneSuicideLegal' in engine.cfg
2025-11-23 03:36:48+0800: WARNING: Unused key 'scoringRule' in engine.cfg
2025-11-23 03:36:48+0800: WARNING: Unused key 'searchFactorAfterOnePass' in engine.cfg
2025-11-23 03:36:48+0800: WARNING: Unused key 'searchFactorAfterTwoPass' in engine.cfg
2025-11-23 03:36:48+0800: WARNING: Unused key 'whiteHandicapBonus' in engine.cfg
2025-11-23 03:36:48+0800: --------------
2025-11-23 03:36:48+0800: Loaded config engine.cfg
2025-11-23 03:36:48+0800: Loaded model weights\amazons10x10.bin.gz
2025-11-23 03:36:48+0800: Model name: amazons8x-b20c256-s182755840-d39606896
2025-11-23 03:36:48+0800: GTP ready, beginning main protocol loop
2025-11-23 03:37:22+0800: GPU 0 finishing, processed 0 rows 0 batches
2025-11-23 03:37:22+0800: All cleaned up, quitting
